{"/mnt/c/Users/szyme/OneDrive/Pulpit/cdeler/Projekt_Webowe/cdeler_front/src/mocks.ts": {"path":"/mnt/c/Users/szyme/OneDrive/Pulpit/cdeler/Projekt_Webowe/cdeler_front/src/mocks.ts","statementMap":{"0":{"start":{"line":1,"column":0},"end":{"line":1,"column":18}}},"fnMap":{},"branchMap":{},"s":{"0":2},"f":{},"b":{}}
,"/mnt/c/Users/szyme/OneDrive/Pulpit/cdeler/Projekt_Webowe/cdeler_front/src/components/CarContainer/CarContainer.style.tsx": {"path":"/mnt/c/Users/szyme/OneDrive/Pulpit/cdeler/Projekt_Webowe/cdeler_front/src/components/CarContainer/CarContainer.style.tsx","statementMap":{"0":{"start":{"line":1,"column":0},"end":{"line":1,"column":37}},"1":{"start":{"line":2,"column":0},"end":{"line":2,"column":39}},"2":{"start":{"line":4,"column":13},"end":{"line":18,"column":2}},"3":{"start":{"line":20,"column":13},"end":{"line":25,"column":2}},"4":{"start":{"line":27,"column":13},"end":{"line":32,"column":2}},"5":{"start":{"line":34,"column":13},"end":{"line":39,"column":2}},"6":{"start":{"line":41,"column":13},"end":{"line":44,"column":2}},"7":{"start":{"line":46,"column":13},"end":{"line":48,"column":2}},"8":{"start":{"line":50,"column":13},"end":{"line":56,"column":2}},"9":{"start":{"line":58,"column":13},"end":{"line":63,"column":2}}},"fnMap":{},"branchMap":{},"s":{"0":2,"1":2,"2":2,"3":2,"4":2,"5":2,"6":2,"7":2,"8":2,"9":2},"f":{},"b":{}}
,"/mnt/c/Users/szyme/OneDrive/Pulpit/cdeler/Projekt_Webowe/cdeler_front/src/components/CarContainer/CarContainer.tsx": {"path":"/mnt/c/Users/szyme/OneDrive/Pulpit/cdeler/Projekt_Webowe/cdeler_front/src/components/CarContainer/CarContainer.tsx","statementMap":{"0":{"start":{"line":1,"column":0},"end":{"line":1,"column":26}},"1":{"start":{"line":2,"column":0},"end":{"line":2,"column":152}},"2":{"start":{"line":11,"column":46},"end":{"line":32,"column":3}},"3":{"start":{"line":13,"column":20},"end":{"line":13,"column":38}},"4":{"start":{"line":14,"column":4},"end":{"line":14,"column":25}},"5":{"start":{"line":16,"column":4},"end":{"line":31,"column":6}},"6":{"start":{"line":26,"column":14},"end":{"line":26,"column":null}},"7":{"start":{"line":34,"column":0},"end":{"line":34,"column":26}}},"fnMap":{"0":{"name":"(anonymous_1)","decl":{"start":{"line":11,"column":46},"end":{"line":11,"column":47}},"loc":{"start":{"line":11,"column":90},"end":{"line":32,"column":3}}},"1":{"name":"(anonymous_2)","decl":{"start":{"line":25,"column":25},"end":{"line":25,"column":26}},"loc":{"start":{"line":26,"column":14},"end":{"line":26,"column":null}}}},"branchMap":{},"s":{"0":2,"1":2,"2":2,"3":4,"4":4,"5":4,"6":12,"7":2},"f":{"0":4,"1":12},"b":{}}
,"/mnt/c/Users/szyme/OneDrive/Pulpit/cdeler/Projekt_Webowe/cdeler_front/src/components/CarSite/CarSite.style.tsx": {"path":"/mnt/c/Users/szyme/OneDrive/Pulpit/cdeler/Projekt_Webowe/cdeler_front/src/components/CarSite/CarSite.style.tsx","statementMap":{"0":{"start":{"line":1,"column":0},"end":{"line":1,"column":39}},"1":{"start":{"line":3,"column":13},"end":{"line":14,"column":2}},"2":{"start":{"line":16,"column":13},"end":{"line":25,"column":2}}},"fnMap":{},"branchMap":{},"s":{"0":1,"1":1,"2":1},"f":{},"b":{}}
,"/mnt/c/Users/szyme/OneDrive/Pulpit/cdeler/Projekt_Webowe/cdeler_front/src/components/CarSite/CarSite.tsx": {"path":"/mnt/c/Users/szyme/OneDrive/Pulpit/cdeler/Projekt_Webowe/cdeler_front/src/components/CarSite/CarSite.tsx","statementMap":{"0":{"start":{"line":1,"column":0},"end":{"line":1,"column":51}},"1":{"start":{"line":2,"column":0},"end":{"line":2,"column":56}},"2":{"start":{"line":3,"column":0},"end":{"line":3,"column":54}},"3":{"start":{"line":29,"column":26},"end":{"line":77,"column":3}},"4":{"start":{"line":30,"column":26},"end":{"line":30,"column":45}},"5":{"start":{"line":31,"column":32},"end":{"line":31,"column":55}},"6":{"start":{"line":32,"column":28},"end":{"line":32,"column":57}},"7":{"start":{"line":34,"column":2},"end":{"line":53,"column":9}},"8":{"start":{"line":35,"column":22},"end":{"line":50,"column":6}},"9":{"start":{"line":35,"column":33},"end":{"line":50,"column":6}},"10":{"start":{"line":36,"column":6},"end":{"line":49,"column":7}},"11":{"start":{"line":37,"column":25},"end":{"line":37,"column":66}},"12":{"start":{"line":38,"column":8},"end":{"line":40,"column":9}},"13":{"start":{"line":39,"column":10},"end":{"line":39,"column":68}},"14":{"start":{"line":41,"column":21},"end":{"line":41,"column":42}},"15":{"start":{"line":42,"column":8},"end":{"line":42,"column":22}},"16":{"start":{"line":43,"column":8},"end":{"line":43,"column":32}},"17":{"start":{"line":45,"column":8},"end":{"line":45,"column":54}},"18":{"start":{"line":46,"column":8},"end":{"line":46,"column":41}},"19":{"start":{"line":48,"column":8},"end":{"line":48,"column":26}},"20":{"start":{"line":52,"column":4},"end":{"line":52,"column":16}},"21":{"start":{"line":55,"column":2},"end":{"line":57,"column":3}},"22":{"start":{"line":56,"column":4},"end":{"line":56,"column":33}},"23":{"start":{"line":59,"column":2},"end":{"line":61,"column":3}},"24":{"start":{"line":60,"column":4},"end":{"line":60,"column":30}},"25":{"start":{"line":63,"column":2},"end":{"line":76,"column":6}},"26":{"start":{"line":66,"column":10},"end":{"line":72,"column":null}},"27":{"start":{"line":79,"column":2},"end":{"line":79,"column":25}}},"fnMap":{"0":{"name":"(anonymous_14)","decl":{"start":{"line":29,"column":26},"end":{"line":29,"column":29}},"loc":{"start":{"line":29,"column":31},"end":{"line":77,"column":3}}},"1":{"name":"(anonymous_15)","decl":{"start":{"line":34,"column":12},"end":{"line":34,"column":15}},"loc":{"start":{"line":34,"column":17},"end":{"line":53,"column":3}}},"2":{"name":"(anonymous_16)","decl":{"start":{"line":35,"column":22},"end":{"line":35,"column":31}},"loc":{"start":{"line":35,"column":33},"end":{"line":50,"column":6}}},"3":{"name":"(anonymous_17)","decl":{"start":{"line":35,"column":33},"end":{"line":35,"column":null}},"loc":{"start":{"line":35,"column":33},"end":{"line":50,"column":5}}},"4":{"name":"(anonymous_18)","decl":{"start":{"line":65,"column":18},"end":{"line":65,"column":19}},"loc":{"start":{"line":66,"column":10},"end":{"line":72,"column":null}}}},"branchMap":{"0":{"loc":{"start":{"line":38,"column":8},"end":{"line":40,"column":9}},"type":"if","locations":[{"start":{"line":38,"column":8},"end":{"line":40,"column":9}}]},"1":{"loc":{"start":{"line":55,"column":2},"end":{"line":57,"column":3}},"type":"if","locations":[{"start":{"line":55,"column":2},"end":{"line":57,"column":3}}]},"2":{"loc":{"start":{"line":59,"column":2},"end":{"line":61,"column":3}},"type":"if","locations":[{"start":{"line":59,"column":2},"end":{"line":61,"column":3}}]}},"s":{"0":1,"1":1,"2":1,"3":1,"4":2,"5":2,"6":2,"7":2,"8":2,"9":2,"10":2,"11":2,"12":0,"13":0,"14":0,"15":0,"16":0,"17":0,"18":0,"19":0,"20":2,"21":2,"22":2,"23":0,"24":0,"25":0,"26":0,"27":1},"f":{"0":2,"1":2,"2":2,"3":2,"4":0},"b":{"0":[0],"1":[2],"2":[0]}}
,"/mnt/c/Users/szyme/OneDrive/Pulpit/cdeler/Projekt_Webowe/cdeler_front/src/components/Header/headerstyles.style.tsx": {"path":"/mnt/c/Users/szyme/OneDrive/Pulpit/cdeler/Projekt_Webowe/cdeler_front/src/components/Header/headerstyles.style.tsx","statementMap":{"0":{"start":{"line":1,"column":0},"end":{"line":1,"column":39}},"1":{"start":{"line":2,"column":0},"end":{"line":2,"column":40}},"2":{"start":{"line":4,"column":13},"end":{"line":14,"column":2}},"3":{"start":{"line":16,"column":13},"end":{"line":35,"column":2}},"4":{"start":{"line":37,"column":13},"end":{"line":44,"column":2}},"5":{"start":{"line":46,"column":13},"end":{"line":53,"column":2}},"6":{"start":{"line":55,"column":13},"end":{"line":69,"column":2}},"7":{"start":{"line":71,"column":13},"end":{"line":75,"column":2}}},"fnMap":{},"branchMap":{},"s":{"0":1,"1":1,"2":1,"3":1,"4":1,"5":1,"6":1,"7":1},"f":{},"b":{}}
,"/mnt/c/Users/szyme/OneDrive/Pulpit/cdeler/Projekt_Webowe/cdeler_front/src/components/Header/index.tsx": {"path":"/mnt/c/Users/szyme/OneDrive/Pulpit/cdeler/Projekt_Webowe/cdeler_front/src/components/Header/index.tsx","statementMap":{"0":{"start":{"line":1,"column":0},"end":{"line":1,"column":29}},"1":{"start":{"line":2,"column":0},"end":{"line":2,"column":38}},"2":{"start":{"line":3,"column":0},"end":{"line":3,"column":57}},"3":{"start":{"line":4,"column":0},"end":{"line":4,"column":107}},"4":{"start":{"line":5,"column":0},"end":{"line":5,"column":49}},"5":{"start":{"line":6,"column":0},"end":{"line":6,"column":26}},"6":{"start":{"line":8,"column":15},"end":{"line":28,"column":1}},"7":{"start":{"line":9,"column":4},"end":{"line":27,"column":6}},"8":{"start":{"line":30,"column":0},"end":{"line":30,"column":22}}},"fnMap":{"0":{"name":"(anonymous_1)","decl":{"start":{"line":8,"column":15},"end":{"line":8,"column":18}},"loc":{"start":{"line":8,"column":20},"end":{"line":28,"column":1}}}},"branchMap":{},"s":{"0":1,"1":1,"2":1,"3":1,"4":1,"5":1,"6":1,"7":1,"8":1},"f":{"0":1},"b":{}}
,"/mnt/c/Users/szyme/OneDrive/Pulpit/cdeler/Projekt_Webowe/cdeler_front/src/components/Important/Important.tsx": {"path":"/mnt/c/Users/szyme/OneDrive/Pulpit/cdeler/Projekt_Webowe/cdeler_front/src/components/Important/Important.tsx","statementMap":{"0":{"start":{"line":1,"column":0},"end":{"line":1,"column":26}},"1":{"start":{"line":2,"column":0},"end":{"line":2,"column":124}},"2":{"start":{"line":4,"column":18},"end":{"line":21,"column":1}},"3":{"start":{"line":5,"column":4},"end":{"line":20,"column":6}},"4":{"start":{"line":23,"column":0},"end":{"line":23,"column":null}}},"fnMap":{"0":{"name":"(anonymous_1)","decl":{"start":{"line":4,"column":18},"end":{"line":4,"column":21}},"loc":{"start":{"line":4,"column":23},"end":{"line":21,"column":1}}}},"branchMap":{},"s":{"0":1,"1":1,"2":1,"3":2,"4":1},"f":{"0":2},"b":{}}
,"/mnt/c/Users/szyme/OneDrive/Pulpit/cdeler/Projekt_Webowe/cdeler_front/src/components/Important/important.style.tsx": {"path":"/mnt/c/Users/szyme/OneDrive/Pulpit/cdeler/Projekt_Webowe/cdeler_front/src/components/Important/important.style.tsx","statementMap":{"0":{"start":{"line":1,"column":0},"end":{"line":1,"column":39}},"1":{"start":{"line":2,"column":0},"end":{"line":2,"column":36}},"2":{"start":{"line":3,"column":0},"end":{"line":3,"column":36}},"3":{"start":{"line":5,"column":13},"end":{"line":14,"column":2}},"4":{"start":{"line":16,"column":13},"end":{"line":25,"column":2}},"5":{"start":{"line":27,"column":13},"end":{"line":35,"column":2}},"6":{"start":{"line":37,"column":13},"end":{"line":41,"column":2}},"7":{"start":{"line":43,"column":13},"end":{"line":46,"column":2}}},"fnMap":{},"branchMap":{},"s":{"0":1,"1":1,"2":1,"3":1,"4":1,"5":1,"6":1,"7":1},"f":{},"b":{}}
,"/mnt/c/Users/szyme/OneDrive/Pulpit/cdeler/Projekt_Webowe/cdeler_front/src/components/Modals/modalLogin/modalLogin.style.tsx": {"path":"/mnt/c/Users/szyme/OneDrive/Pulpit/cdeler/Projekt_Webowe/cdeler_front/src/components/Modals/modalLogin/modalLogin.style.tsx","statementMap":{"0":{"start":{"line":1,"column":0},"end":{"line":1,"column":39}},"1":{"start":{"line":2,"column":0},"end":{"line":2,"column":101}},"2":{"start":{"line":4,"column":13},"end":{"line":12,"column":2}},"3":{"start":{"line":14,"column":13},"end":{"line":18,"column":2}},"4":{"start":{"line":20,"column":13},"end":{"line":24,"column":2}},"5":{"start":{"line":26,"column":13},"end":{"line":39,"column":2}},"6":{"start":{"line":41,"column":13},"end":{"line":45,"column":2}},"7":{"start":{"line":47,"column":13},"end":{"line":56,"column":2}},"8":{"start":{"line":58,"column":13},"end":{"line":68,"column":2}}},"fnMap":{},"branchMap":{},"s":{"0":2,"1":2,"2":2,"3":2,"4":2,"5":2,"6":2,"7":2,"8":2},"f":{},"b":{}}
,"/mnt/c/Users/szyme/OneDrive/Pulpit/cdeler/Projekt_Webowe/cdeler_front/src/components/Modals/modalLogin/modalLogin.tsx": {"path":"/mnt/c/Users/szyme/OneDrive/Pulpit/cdeler/Projekt_Webowe/cdeler_front/src/components/Modals/modalLogin/modalLogin.tsx","statementMap":{"0":{"start":{"line":1,"column":0},"end":{"line":1,"column":40}},"1":{"start":{"line":2,"column":0},"end":{"line":2,"column":51}},"2":{"start":{"line":3,"column":0},"end":{"line":3,"column":59}},"3":{"start":{"line":4,"column":0},"end":{"line":4,"column":32}},"4":{"start":{"line":5,"column":0},"end":{"line":5,"column":155}},"5":{"start":{"line":7,"column":14},"end":{"line":9,"column":2}},"6":{"start":{"line":8,"column":2},"end":{"line":8,"column":74}},"7":{"start":{"line":15,"column":36},"end":{"line":111,"column":3}},"8":{"start":{"line":16,"column":28},"end":{"line":16,"column":43}},"9":{"start":{"line":17,"column":30},"end":{"line":17,"column":42}},"10":{"start":{"line":18,"column":36},"end":{"line":18,"column":48}},"11":{"start":{"line":19,"column":40},"end":{"line":19,"column":84}},"12":{"start":{"line":20,"column":44},"end":{"line":20,"column":59}},"13":{"start":{"line":21,"column":50},"end":{"line":21,"column":62}},"14":{"start":{"line":22,"column":52},"end":{"line":22,"column":92}},"15":{"start":{"line":24,"column":28},"end":{"line":27,"column":5}},"16":{"start":{"line":25,"column":6},"end":{"line":25,"column":20}},"17":{"start":{"line":26,"column":6},"end":{"line":26,"column":28}},"18":{"start":{"line":29,"column":34},"end":{"line":32,"column":5}},"19":{"start":{"line":30,"column":6},"end":{"line":30,"column":21}},"20":{"start":{"line":31,"column":6},"end":{"line":31,"column":25}},"21":{"start":{"line":34,"column":24},"end":{"line":57,"column":6}},"22":{"start":{"line":34,"column":35},"end":{"line":57,"column":6}},"23":{"start":{"line":35,"column":23},"end":{"line":41,"column":8}},"24":{"start":{"line":43,"column":6},"end":{"line":56,"column":7}},"25":{"start":{"line":44,"column":21},"end":{"line":44,"column":42}},"26":{"start":{"line":45,"column":8},"end":{"line":45,"column":70}},"27":{"start":{"line":46,"column":8},"end":{"line":46,"column":55}},"28":{"start":{"line":47,"column":8},"end":{"line":47,"column":47}},"29":{"start":{"line":48,"column":8},"end":{"line":48,"column":39}},"30":{"start":{"line":49,"column":8},"end":{"line":49,"column":30}},"31":{"start":{"line":50,"column":8},"end":{"line":50,"column":39}},"32":{"start":{"line":51,"column":8},"end":{"line":51,"column":32}},"33":{"start":{"line":53,"column":8},"end":{"line":53,"column":50}},"34":{"start":{"line":54,"column":8},"end":{"line":54,"column":37}},"35":{"start":{"line":55,"column":8},"end":{"line":55,"column":30}},"36":{"start":{"line":59,"column":32},"end":{"line":61,"column":5}},"37":{"start":{"line":60,"column":6},"end":{"line":60,"column":29}},"38":{"start":{"line":63,"column":4},"end":{"line":110,"column":6}},"39":{"start":{"line":76,"column":31},"end":{"line":76,"column":55}},"40":{"start":{"line":86,"column":31},"end":{"line":86,"column":58}},"41":{"start":{"line":113,"column":2},"end":{"line":113,"column":28}}},"fnMap":{"0":{"name":"Alert","decl":{"start":{"line":7,"column":68},"end":{"line":7,"column":73}},"loc":{"start":{"line":7,"column":84},"end":{"line":9,"column":1}}},"1":{"name":"(anonymous_15)","decl":{"start":{"line":15,"column":36},"end":{"line":15,"column":37}},"loc":{"start":{"line":15,"column":61},"end":{"line":111,"column":3}}},"2":{"name":"(anonymous_16)","decl":{"start":{"line":24,"column":28},"end":{"line":24,"column":31}},"loc":{"start":{"line":24,"column":33},"end":{"line":27,"column":5}}},"3":{"name":"(anonymous_17)","decl":{"start":{"line":29,"column":34},"end":{"line":29,"column":37}},"loc":{"start":{"line":29,"column":39},"end":{"line":32,"column":5}}},"4":{"name":"(anonymous_18)","decl":{"start":{"line":34,"column":24},"end":{"line":34,"column":33}},"loc":{"start":{"line":34,"column":35},"end":{"line":57,"column":6}}},"5":{"name":"(anonymous_19)","decl":{"start":{"line":34,"column":35},"end":{"line":34,"column":null}},"loc":{"start":{"line":34,"column":35},"end":{"line":57,"column":5}}},"6":{"name":"(anonymous_20)","decl":{"start":{"line":59,"column":32},"end":{"line":59,"column":35}},"loc":{"start":{"line":59,"column":37},"end":{"line":61,"column":5}}},"7":{"name":"(anonymous_21)","decl":{"start":{"line":76,"column":24},"end":{"line":76,"column":25}},"loc":{"start":{"line":76,"column":31},"end":{"line":76,"column":55}}},"8":{"name":"(anonymous_22)","decl":{"start":{"line":86,"column":24},"end":{"line":86,"column":25}},"loc":{"start":{"line":86,"column":31},"end":{"line":86,"column":58}}}},"branchMap":{"0":{"loc":{"start":{"line":19,"column":49},"end":{"line":19,"column":83}},"type":"cond-expr","locations":[{"start":{"line":19,"column":71},"end":{"line":19,"column":75}},{"start":{"line":19,"column":78},"end":{"line":19,"column":83}}]},"1":{"loc":{"start":{"line":43,"column":6},"end":{"line":56,"column":7}},"type":"if","locations":[{"start":{"line":43,"column":6},"end":{"line":56,"column":7}},{"start":{"line":52,"column":13},"end":{"line":56,"column":7}}]},"2":{"loc":{"start":{"line":94,"column":9},"end":{"line":107,"column":null}},"type":"cond-expr","locations":[{"start":{"line":95,"column":10},"end":{"line":100,"column":null}},{"start":{"line":103,"column":12},"end":{"line":106,"column":null}}]}},"s":{"0":2,"1":2,"2":2,"3":2,"4":2,"5":2,"6":0,"7":2,"8":1,"9":1,"10":1,"11":1,"12":1,"13":1,"14":1,"15":1,"16":0,"17":0,"18":1,"19":0,"20":0,"21":1,"22":0,"23":0,"24":0,"25":0,"26":0,"27":0,"28":0,"29":0,"30":0,"31":0,"32":0,"33":0,"34":0,"35":0,"36":1,"37":0,"38":1,"39":0,"40":0,"41":2},"f":{"0":0,"1":1,"2":0,"3":0,"4":0,"5":0,"6":0,"7":0,"8":0},"b":{"0":[0,1],"1":[0,0],"2":[0,1]}}
,"/mnt/c/Users/szyme/OneDrive/Pulpit/cdeler/Projekt_Webowe/cdeler_front/src/components/Modals/modalProfile/modalProfile.style.tsx": {"path":"/mnt/c/Users/szyme/OneDrive/Pulpit/cdeler/Projekt_Webowe/cdeler_front/src/components/Modals/modalProfile/modalProfile.style.tsx","statementMap":{"0":{"start":{"line":1,"column":0},"end":{"line":1,"column":39}},"1":{"start":{"line":2,"column":0},"end":{"line":2,"column":null}},"2":{"start":{"line":10,"column":13},"end":{"line":15,"column":2}},"3":{"start":{"line":17,"column":13},"end":{"line":20,"column":2}},"4":{"start":{"line":22,"column":13},"end":{"line":28,"column":2}},"5":{"start":{"line":30,"column":13},"end":{"line":38,"column":2}},"6":{"start":{"line":40,"column":13},"end":{"line":59,"column":null}},"7":{"start":{"line":61,"column":13},"end":{"line":67,"column":2}},"8":{"start":{"line":69,"column":13},"end":{"line":72,"column":2}},"9":{"start":{"line":74,"column":13},"end":{"line":80,"column":2}}},"fnMap":{},"branchMap":{},"s":{"0":2,"1":2,"2":2,"3":2,"4":2,"5":2,"6":2,"7":2,"8":2,"9":2},"f":{},"b":{}}
,"/mnt/c/Users/szyme/OneDrive/Pulpit/cdeler/Projekt_Webowe/cdeler_front/src/components/Modals/modalProfile/modalProfile.tsx": {"path":"/mnt/c/Users/szyme/OneDrive/Pulpit/cdeler/Projekt_Webowe/cdeler_front/src/components/Modals/modalProfile/modalProfile.tsx","statementMap":{"0":{"start":{"line":1,"column":0},"end":{"line":1,"column":51}},"1":{"start":{"line":2,"column":0},"end":{"line":2,"column":32}},"2":{"start":{"line":3,"column":0},"end":{"line":3,"column":167}},"3":{"start":{"line":4,"column":0},"end":{"line":4,"column":49}},"4":{"start":{"line":5,"column":0},"end":{"line":5,"column":50}},"5":{"start":{"line":11,"column":40},"end":{"line":81,"column":3}},"6":{"start":{"line":12,"column":28},"end":{"line":12,"column":43}},"7":{"start":{"line":13,"column":40},"end":{"line":13,"column":84}},"8":{"start":{"line":14,"column":28},"end":{"line":19,"column":6}},"9":{"start":{"line":21,"column":4},"end":{"line":26,"column":11}},"10":{"start":{"line":22,"column":23},"end":{"line":22,"column":42}},"11":{"start":{"line":23,"column":6},"end":{"line":25,"column":7}},"12":{"start":{"line":24,"column":8},"end":{"line":24,"column":38}},"13":{"start":{"line":28,"column":30},"end":{"line":30,"column":5}},"14":{"start":{"line":29,"column":6},"end":{"line":29,"column":20}},"15":{"start":{"line":32,"column":29},"end":{"line":34,"column":5}},"16":{"start":{"line":33,"column":6},"end":{"line":33,"column":26}},"17":{"start":{"line":36,"column":25},"end":{"line":39,"column":5}},"18":{"start":{"line":37,"column":6},"end":{"line":37,"column":29}},"19":{"start":{"line":38,"column":6},"end":{"line":38,"column":27}},"20":{"start":{"line":41,"column":36},"end":{"line":44,"column":5}},"21":{"start":{"line":42,"column":6},"end":{"line":42,"column":21}},"22":{"start":{"line":43,"column":6},"end":{"line":43,"column":27}},"23":{"start":{"line":46,"column":4},"end":{"line":80,"column":6}},"24":{"start":{"line":83,"column":2},"end":{"line":83,"column":30}}},"fnMap":{"0":{"name":"(anonymous_7)","decl":{"start":{"line":11,"column":40},"end":{"line":11,"column":41}},"loc":{"start":{"line":11,"column":67},"end":{"line":81,"column":3}}},"1":{"name":"(anonymous_8)","decl":{"start":{"line":21,"column":14},"end":{"line":21,"column":17}},"loc":{"start":{"line":21,"column":19},"end":{"line":26,"column":5}}},"2":{"name":"(anonymous_9)","decl":{"start":{"line":28,"column":30},"end":{"line":28,"column":33}},"loc":{"start":{"line":28,"column":35},"end":{"line":30,"column":5}}},"3":{"name":"(anonymous_10)","decl":{"start":{"line":32,"column":29},"end":{"line":32,"column":32}},"loc":{"start":{"line":32,"column":34},"end":{"line":34,"column":5}}},"4":{"name":"(anonymous_11)","decl":{"start":{"line":36,"column":25},"end":{"line":36,"column":28}},"loc":{"start":{"line":36,"column":30},"end":{"line":39,"column":5}}},"5":{"name":"(anonymous_12)","decl":{"start":{"line":41,"column":36},"end":{"line":41,"column":39}},"loc":{"start":{"line":41,"column":41},"end":{"line":44,"column":5}}}},"branchMap":{"0":{"loc":{"start":{"line":13,"column":49},"end":{"line":13,"column":83}},"type":"cond-expr","locations":[{"start":{"line":13,"column":71},"end":{"line":13,"column":75}},{"start":{"line":13,"column":78},"end":{"line":13,"column":83}}]},"1":{"loc":{"start":{"line":23,"column":6},"end":{"line":25,"column":7}},"type":"if","locations":[{"start":{"line":23,"column":6},"end":{"line":25,"column":7}}]},"2":{"loc":{"start":{"line":52,"column":13},"end":{"line":57,"column":null}},"type":"cond-expr","locations":[{"start":{"line":53,"column":16},"end":{"line":54,"column":null}},{"start":{"line":57,"column":16},"end":{"line":57,"column":85}}]},"3":{"loc":{"start":{"line":52,"column":13},"end":{"line":52,"column":24}},"type":"cond-expr","locations":[{"start":{"line":52,"column":17},"end":{"line":52,"column":19}},{"start":{"line":52,"column":13},"end":{"line":52,"column":24}}]},"4":{"loc":{"start":{"line":52,"column":13},"end":{"line":52,"column":19}},"type":"binary-expr","locations":[{"start":{"line":52,"column":13},"end":{"line":52,"column":19}},{"start":{"line":52,"column":13},"end":{"line":52,"column":19}}]},"5":{"loc":{"start":{"line":62,"column":54},"end":{"line":62,"column":74}},"type":"binary-expr","locations":[{"start":{"line":62,"column":54},"end":{"line":62,"column":65}},{"start":{"line":62,"column":69},"end":{"line":62,"column":74}}]},"6":{"loc":{"start":{"line":62,"column":54},"end":{"line":62,"column":65}},"type":"cond-expr","locations":[{"start":{"line":62,"column":58},"end":{"line":62,"column":60}},{"start":{"line":62,"column":54},"end":{"line":62,"column":65}}]},"7":{"loc":{"start":{"line":62,"column":54},"end":{"line":62,"column":60}},"type":"binary-expr","locations":[{"start":{"line":62,"column":54},"end":{"line":62,"column":60}},{"start":{"line":62,"column":54},"end":{"line":62,"column":60}}]},"8":{"loc":{"start":{"line":63,"column":61},"end":{"line":63,"column":81}},"type":"binary-expr","locations":[{"start":{"line":63,"column":61},"end":{"line":63,"column":72}},{"start":{"line":63,"column":76},"end":{"line":63,"column":81}}]},"9":{"loc":{"start":{"line":63,"column":61},"end":{"line":63,"column":72}},"type":"cond-expr","locations":[{"start":{"line":63,"column":65},"end":{"line":63,"column":67}},{"start":{"line":63,"column":61},"end":{"line":63,"column":72}}]},"10":{"loc":{"start":{"line":63,"column":61},"end":{"line":63,"column":67}},"type":"binary-expr","locations":[{"start":{"line":63,"column":61},"end":{"line":63,"column":67}},{"start":{"line":63,"column":61},"end":{"line":63,"column":67}}]},"11":{"loc":{"start":{"line":64,"column":59},"end":{"line":64,"column":83}},"type":"binary-expr","locations":[{"start":{"line":64,"column":59},"end":{"line":64,"column":74}},{"start":{"line":64,"column":78},"end":{"line":64,"column":83}}]},"12":{"loc":{"start":{"line":64,"column":59},"end":{"line":64,"column":74}},"type":"cond-expr","locations":[{"start":{"line":64,"column":63},"end":{"line":64,"column":65}},{"start":{"line":64,"column":59},"end":{"line":64,"column":74}}]},"13":{"loc":{"start":{"line":64,"column":59},"end":{"line":64,"column":65}},"type":"binary-expr","locations":[{"start":{"line":64,"column":59},"end":{"line":64,"column":65}},{"start":{"line":64,"column":59},"end":{"line":64,"column":65}}]},"14":{"loc":{"start":{"line":65,"column":57},"end":{"line":65,"column":80}},"type":"binary-expr","locations":[{"start":{"line":65,"column":57},"end":{"line":65,"column":71}},{"start":{"line":65,"column":75},"end":{"line":65,"column":80}}]},"15":{"loc":{"start":{"line":65,"column":57},"end":{"line":65,"column":71}},"type":"cond-expr","locations":[{"start":{"line":65,"column":61},"end":{"line":65,"column":63}},{"start":{"line":65,"column":57},"end":{"line":65,"column":71}}]},"16":{"loc":{"start":{"line":65,"column":57},"end":{"line":65,"column":63}},"type":"binary-expr","locations":[{"start":{"line":65,"column":57},"end":{"line":65,"column":63}},{"start":{"line":65,"column":57},"end":{"line":65,"column":63}}]},"17":{"loc":{"start":{"line":69,"column":13},"end":{"line":72,"column":null}},"type":"cond-expr","locations":[{"start":{"line":70,"column":20},"end":{"line":70,"column":70}},{"start":{"line":72,"column":20},"end":{"line":72,"column":70}}]}},"s":{"0":2,"1":2,"2":2,"3":2,"4":2,"5":2,"6":2,"7":2,"8":2,"9":2,"10":1,"11":1,"12":0,"13":2,"14":1,"15":2,"16":0,"17":2,"18":0,"19":0,"20":2,"21":0,"22":0,"23":2,"24":2},"f":{"0":2,"1":1,"2":1,"3":0,"4":0,"5":0},"b":{"0":[0,2],"1":[0],"2":[0,2],"3":[0,2],"4":[2,2],"5":[2,2],"6":[0,2],"7":[2,2],"8":[2,2],"9":[0,2],"10":[2,2],"11":[2,2],"12":[0,2],"13":[2,2],"14":[2,2],"15":[0,2],"16":[2,2],"17":[0,2]}}
,"/mnt/c/Users/szyme/OneDrive/Pulpit/cdeler/Projekt_Webowe/cdeler_front/src/components/dropDownMenu/dropDownMenu.style.tsx": {"path":"/mnt/c/Users/szyme/OneDrive/Pulpit/cdeler/Projekt_Webowe/cdeler_front/src/components/dropDownMenu/dropDownMenu.style.tsx","statementMap":{"0":{"start":{"line":1,"column":0},"end":{"line":1,"column":39}},"1":{"start":{"line":2,"column":0},"end":{"line":2,"column":48}},"2":{"start":{"line":3,"column":0},"end":{"line":3,"column":37}},"3":{"start":{"line":6,"column":13},"end":{"line":12,"column":2}},"4":{"start":{"line":14,"column":13},"end":{"line":20,"column":2}},"5":{"start":{"line":23,"column":13},"end":{"line":27,"column":2}}},"fnMap":{},"branchMap":{},"s":{"0":1,"1":1,"2":1,"3":1,"4":1,"5":1},"f":{},"b":{}}
,"/mnt/c/Users/szyme/OneDrive/Pulpit/cdeler/Projekt_Webowe/cdeler_front/src/components/dropDownMenu/index.tsx": {"path":"/mnt/c/Users/szyme/OneDrive/Pulpit/cdeler/Projekt_Webowe/cdeler_front/src/components/dropDownMenu/index.tsx","statementMap":{"0":{"start":{"line":1,"column":0},"end":{"line":1,"column":31}},"1":{"start":{"line":2,"column":0},"end":{"line":2,"column":80}},"2":{"start":{"line":3,"column":0},"end":{"line":3,"column":46}},"3":{"start":{"line":4,"column":0},"end":{"line":4,"column":32}},"4":{"start":{"line":5,"column":0},"end":{"line":5,"column":57}},"5":{"start":{"line":6,"column":0},"end":{"line":6,"column":47}},"6":{"start":{"line":7,"column":0},"end":{"line":7,"column":63}},"7":{"start":{"line":9,"column":21},"end":{"line":56,"column":1}},"8":{"start":{"line":10,"column":36},"end":{"line":10,"column":78}},"9":{"start":{"line":11,"column":17},"end":{"line":11,"column":34}},"10":{"start":{"line":12,"column":21},"end":{"line":12,"column":34}},"11":{"start":{"line":14,"column":24},"end":{"line":16,"column":5}},"12":{"start":{"line":15,"column":8},"end":{"line":15,"column":41}},"13":{"start":{"line":17,"column":24},"end":{"line":19,"column":5}},"14":{"start":{"line":18,"column":8},"end":{"line":18,"column":26}},"15":{"start":{"line":21,"column":25},"end":{"line":24,"column":5}},"16":{"start":{"line":22,"column":8},"end":{"line":22,"column":31}},"17":{"start":{"line":23,"column":8},"end":{"line":23,"column":22}},"18":{"start":{"line":26,"column":33},"end":{"line":29,"column":5}},"19":{"start":{"line":27,"column":8},"end":{"line":27,"column":22}},"20":{"start":{"line":28,"column":8},"end":{"line":28,"column":26}},"21":{"start":{"line":31,"column":4},"end":{"line":55,"column":6}},"22":{"start":{"line":58,"column":0},"end":{"line":58,"column":28}}},"fnMap":{"0":{"name":"(anonymous_7)","decl":{"start":{"line":9,"column":21},"end":{"line":9,"column":24}},"loc":{"start":{"line":9,"column":26},"end":{"line":56,"column":1}}},"1":{"name":"(anonymous_8)","decl":{"start":{"line":14,"column":24},"end":{"line":14,"column":25}},"loc":{"start":{"line":14,"column":67},"end":{"line":16,"column":5}}},"2":{"name":"(anonymous_9)","decl":{"start":{"line":17,"column":24},"end":{"line":17,"column":27}},"loc":{"start":{"line":17,"column":29},"end":{"line":19,"column":5}}},"3":{"name":"(anonymous_10)","decl":{"start":{"line":21,"column":25},"end":{"line":21,"column":28}},"loc":{"start":{"line":21,"column":30},"end":{"line":24,"column":5}}},"4":{"name":"(anonymous_11)","decl":{"start":{"line":26,"column":33},"end":{"line":26,"column":36}},"loc":{"start":{"line":26,"column":38},"end":{"line":29,"column":5}}}},"branchMap":{"0":{"loc":{"start":{"line":35,"column":31},"end":{"line":35,"column":62}},"type":"cond-expr","locations":[{"start":{"line":35,"column":38},"end":{"line":35,"column":50}},{"start":{"line":35,"column":53},"end":{"line":35,"column":62}}]},"1":{"loc":{"start":{"line":37,"column":31},"end":{"line":37,"column":56}},"type":"cond-expr","locations":[{"start":{"line":37,"column":38},"end":{"line":37,"column":44}},{"start":{"line":37,"column":47},"end":{"line":37,"column":56}}]}},"s":{"0":1,"1":1,"2":1,"3":1,"4":1,"5":1,"6":1,"7":1,"8":1,"9":1,"10":1,"11":1,"12":0,"13":1,"14":0,"15":1,"16":0,"17":0,"18":1,"19":0,"20":0,"21":1,"22":1},"f":{"0":1,"1":0,"2":0,"3":0,"4":0},"b":{"0":[0,1],"1":[0,1]}}
}
