TN:
SF:src/mocks.ts
FNF:0
FNH:0
DA:1,2
LF:1
LH:1
BRF:0
BRH:0
end_of_record
TN:
SF:src/components/CarContainer/CarContainer.style.tsx
FNF:0
FNH:0
DA:1,2
DA:2,2
DA:4,2
DA:20,2
DA:27,2
DA:34,2
DA:41,2
DA:46,2
DA:50,2
DA:58,2
LF:10
LH:10
BRF:0
BRH:0
end_of_record
TN:
SF:src/components/CarContainer/CarContainer.tsx
FN:11,(anonymous_1)
FN:25,(anonymous_2)
FNF:2
FNH:2
FNDA:4,(anonymous_1)
FNDA:12,(anonymous_2)
DA:1,2
DA:2,2
DA:11,2
DA:13,4
DA:14,4
DA:16,4
DA:26,12
DA:34,2
LF:8
LH:8
BRF:0
BRH:0
end_of_record
TN:
SF:src/components/CarSite/CarSite.style.tsx
FNF:0
FNH:0
DA:1,1
DA:3,1
DA:16,1
LF:3
LH:3
BRF:0
BRH:0
end_of_record
TN:
SF:src/components/CarSite/CarSite.tsx
FN:29,(anonymous_14)
FN:34,(anonymous_15)
FN:35,(anonymous_16)
FN:35,(anonymous_17)
FN:65,(anonymous_18)
FNF:5
FNH:4
FNDA:2,(anonymous_14)
FNDA:2,(anonymous_15)
FNDA:2,(anonymous_16)
FNDA:2,(anonymous_17)
FNDA:0,(anonymous_18)
DA:1,1
DA:2,1
DA:3,1
DA:29,1
DA:30,2
DA:31,2
DA:32,2
DA:34,2
DA:35,2
DA:36,2
DA:37,2
DA:38,0
DA:39,0
DA:41,0
DA:42,0
DA:43,0
DA:45,0
DA:46,0
DA:48,0
DA:52,2
DA:55,2
DA:56,2
DA:59,0
DA:60,0
DA:63,0
DA:66,0
DA:79,1
LF:27
LH:15
BRDA:38,0,0,0
BRDA:55,1,0,2
BRDA:59,2,0,0
BRF:3
BRH:1
end_of_record
TN:
SF:src/components/Header/headerstyles.style.tsx
FNF:0
FNH:0
DA:1,1
DA:2,1
DA:4,1
DA:16,1
DA:37,1
DA:46,1
DA:55,1
DA:71,1
LF:8
LH:8
BRF:0
BRH:0
end_of_record
TN:
SF:src/components/Header/index.tsx
FN:8,(anonymous_1)
FNF:1
FNH:1
FNDA:1,(anonymous_1)
DA:1,1
DA:2,1
DA:3,1
DA:4,1
DA:5,1
DA:6,1
DA:8,1
DA:9,1
DA:30,1
LF:9
LH:9
BRF:0
BRH:0
end_of_record
TN:
SF:src/components/Important/Important.tsx
FN:4,(anonymous_1)
FNF:1
FNH:1
FNDA:2,(anonymous_1)
DA:1,1
DA:2,1
DA:4,1
DA:5,2
DA:23,1
LF:5
LH:5
BRF:0
BRH:0
end_of_record
TN:
SF:src/components/Important/important.style.tsx
FNF:0
FNH:0
DA:1,1
DA:2,1
DA:3,1
DA:5,1
DA:16,1
DA:27,1
DA:37,1
DA:43,1
LF:8
LH:8
BRF:0
BRH:0
end_of_record
TN:
SF:src/components/Modals/modalLogin/modalLogin.style.tsx
FNF:0
FNH:0
DA:1,2
DA:2,2
DA:4,2
DA:14,2
DA:20,2
DA:26,2
DA:41,2
DA:47,2
DA:58,2
LF:9
LH:9
BRF:0
BRH:0
end_of_record
TN:
SF:src/components/Modals/modalLogin/modalLogin.tsx
FN:7,Alert
FN:15,(anonymous_15)
FN:24,(anonymous_16)
FN:29,(anonymous_17)
FN:34,(anonymous_18)
FN:34,(anonymous_19)
FN:59,(anonymous_20)
FN:76,(anonymous_21)
FN:86,(anonymous_22)
FNF:9
FNH:1
FNDA:0,Alert
FNDA:1,(anonymous_15)
FNDA:0,(anonymous_16)
FNDA:0,(anonymous_17)
FNDA:0,(anonymous_18)
FNDA:0,(anonymous_19)
FNDA:0,(anonymous_20)
FNDA:0,(anonymous_21)
FNDA:0,(anonymous_22)
DA:1,2
DA:2,2
DA:3,2
DA:4,2
DA:5,2
DA:7,2
DA:8,0
DA:15,2
DA:16,1
DA:17,1
DA:18,1
DA:19,1
DA:20,1
DA:21,1
DA:22,1
DA:24,1
DA:25,0
DA:26,0
DA:29,1
DA:30,0
DA:31,0
DA:34,1
DA:35,0
DA:43,0
DA:44,0
DA:45,0
DA:46,0
DA:47,0
DA:48,0
DA:49,0
DA:50,0
DA:51,0
DA:53,0
DA:54,0
DA:55,0
DA:59,1
DA:60,0
DA:63,1
DA:76,0
DA:86,0
DA:113,2
LF:41
LH:20
BRDA:19,0,0,0
BRDA:19,0,1,1
BRDA:43,1,0,0
BRDA:43,1,1,0
BRDA:94,2,0,0
BRDA:94,2,1,1
BRF:6
BRH:2
end_of_record
TN:
SF:src/components/Modals/modalProfile/modalProfile.style.tsx
FNF:0
FNH:0
DA:1,2
DA:2,2
DA:10,2
DA:17,2
DA:22,2
DA:30,2
DA:40,2
DA:61,2
DA:69,2
DA:74,2
LF:10
LH:10
BRF:0
BRH:0
end_of_record
TN:
SF:src/components/Modals/modalProfile/modalProfile.tsx
FN:11,(anonymous_7)
FN:21,(anonymous_8)
FN:28,(anonymous_9)
FN:32,(anonymous_10)
FN:36,(anonymous_11)
FN:41,(anonymous_12)
FNF:6
FNH:3
FNDA:2,(anonymous_7)
FNDA:1,(anonymous_8)
FNDA:1,(anonymous_9)
FNDA:0,(anonymous_10)
FNDA:0,(anonymous_11)
FNDA:0,(anonymous_12)
DA:1,2
DA:2,2
DA:3,2
DA:4,2
DA:5,2
DA:11,2
DA:12,2
DA:13,2
DA:14,2
DA:21,2
DA:22,1
DA:23,1
DA:24,0
DA:28,2
DA:29,1
DA:32,2
DA:33,0
DA:36,2
DA:37,0
DA:38,0
DA:41,2
DA:42,0
DA:43,0
DA:46,2
DA:83,2
LF:25
LH:19
BRDA:13,0,0,0
BRDA:13,0,1,2
BRDA:23,1,0,0
BRDA:52,2,0,0
BRDA:52,2,1,2
BRDA:52,3,0,0
BRDA:52,3,1,2
BRDA:52,4,0,2
BRDA:52,4,1,2
BRDA:62,5,0,2
BRDA:62,5,1,2
BRDA:62,6,0,0
BRDA:62,6,1,2
BRDA:62,7,0,2
BRDA:62,7,1,2
BRDA:63,8,0,2
BRDA:63,8,1,2
BRDA:63,9,0,0
BRDA:63,9,1,2
BRDA:63,10,0,2
BRDA:63,10,1,2
BRDA:64,11,0,2
BRDA:64,11,1,2
BRDA:64,12,0,0
BRDA:64,12,1,2
BRDA:64,13,0,2
BRDA:64,13,1,2
BRDA:65,14,0,2
BRDA:65,14,1,2
BRDA:65,15,0,0
BRDA:65,15,1,2
BRDA:65,16,0,2
BRDA:65,16,1,2
BRDA:69,17,0,0
BRDA:69,17,1,2
BRF:35
BRH:26
end_of_record
TN:
SF:src/components/dropDownMenu/dropDownMenu.style.tsx
FNF:0
FNH:0
DA:1,1
DA:2,1
DA:3,1
DA:6,1
DA:14,1
DA:23,1
LF:6
LH:6
BRF:0
BRH:0
end_of_record
TN:
SF:src/components/dropDownMenu/index.tsx
FN:9,(anonymous_7)
FN:14,(anonymous_8)
FN:17,(anonymous_9)
FN:21,(anonymous_10)
FN:26,(anonymous_11)
FNF:5
FNH:1
FNDA:1,(anonymous_7)
FNDA:0,(anonymous_8)
FNDA:0,(anonymous_9)
FNDA:0,(anonymous_10)
FNDA:0,(anonymous_11)
DA:1,1
DA:2,1
DA:3,1
DA:4,1
DA:5,1
DA:6,1
DA:7,1
DA:9,1
DA:10,1
DA:11,1
DA:12,1
DA:14,1
DA:15,0
DA:17,1
DA:18,0
DA:21,1
DA:22,0
DA:23,0
DA:26,1
DA:27,0
DA:28,0
DA:31,1
DA:58,1
LF:23
LH:17
BRDA:35,0,0,0
BRDA:35,0,1,1
BRDA:37,1,0,0
BRDA:37,1,1,1
BRF:4
BRH:2
end_of_record
